<?xml version="1.0" encoding="UTF-8"?>
<!-- Generated by org.testng.reporters.JUnitReportReporter -->
<testsuite hostname="DESKTOP-5195JJC" failures="0" tests="2" name="cucumberOptions.TestNGRunner" time="132.008" errors="0" timestamp="2025-03-14T21:14:20 IST" skipped="0">
  <testcase classname="cucumberOptions.TestNGRunner" name="runScenario" time="60.500"/>
  <testcase classname="cucumberOptions.TestNGRunner" name="runScenario" time="71.508"/>
</testsuite> <!-- cucumberOptions.TestNGRunner -->
