<?xml version="1.0" encoding="UTF-8"?>
<!-- Generated by org.testng.reporters.JUnitXMLReporter -->
<testsuite ignored="0" hostname="DESKTOP-5195JJC" failures="1" tests="3" name="Functional Tests" time="55.646" errors="0" timestamp="2025-11-16T19:21:36 IST">
  <testcase classname="io.cucumber.testng.AbstractTestNGCucumberTests" name="runScenario" time="33.176"/>
  <testcase classname="io.cucumber.testng.AbstractTestNGCucumberTests" name="runScenario" time="48.914">
    <failure type="java.lang.AssertionError" message="Success message not visible!">
      <![CDATA[java.lang.AssertionError: Success message not visible!
at pageObjects.AddEmployeePIMPageObject.verifySuccessMessage(AddEmployeePIMPageObject.java:63)
at stepDefinitions.AddEmployeePIMStepDefinition.the_employee_should_be_added_successfully(AddEmployeePIMStepDefinition.java:79)
at ✽.the employee should be added successfully(file:///F:/PROGRAMMING_LANGUAGE/Learn_Cucumber_BDD_with_Java_MasterClass_Selenium_Framework_RahulShetty/Projects/OrangeHRM_CucumberBDD/src/test/resources/features/PIM.feature:12)
]]>
    </failure>
  </testcase> <!-- runScenario -->
  <testcase classname="io.cucumber.testng.AbstractTestNGCucumberTests" name="runScenario" time="21.619"/>
</testsuite> <!-- Functional Tests -->
