<?xml version="1.0" encoding="UTF-8"?>
<testng-results ignored="0" total="2" passed="2" failed="0" skipped="0">
  <reporter-output>
  </reporter-output>
  <suite started-at="2025-03-14T21:12:03 IST" name="Default suite" finished-at="2025-03-14T21:14:20 IST" duration-ms="137038">
    <groups>
      <group name="cucumber">
        <method signature="AbstractTestNGCucumberTests.runScenario(io.cucumber.testng.PickleWrapper,io.cucumber.testng.FeatureWrapper)[pri:0, instance:cucumberOptions.TestNGRunner@1f59a598]" name="runScenario" class="io.cucumber.testng.AbstractTestNGCucumberTests"/>
      </group> <!-- cucumber -->
    </groups>
    <test started-at="2025-03-14T21:12:03 IST" name="Default test" finished-at="2025-03-14T21:14:20 IST" duration-ms="137038">
      <class name="cucumberOptions.TestNGRunner">
        <test-method is-config="true" signature="setUpClass(org.testng.ITestContext)[pri:0, instance:cucumberOptions.TestNGRunner@1f59a598]" started-at="2025-03-14T21:12:03 IST" name="setUpClass" finished-at="2025-03-14T21:12:06 IST" duration-ms="3487" status="PASS">
          <params>
            <param index="0">
              <value>
                <![CDATA[org.testng.TestRunner@6ee88e21]]>
              </value>
            </param>
          </params>
          <reporter-output>
          </reporter-output>
        </test-method> <!-- setUpClass -->
        <test-method signature="runScenario(io.cucumber.testng.PickleWrapper,io.cucumber.testng.FeatureWrapper)[pri:0, instance:cucumberOptions.TestNGRunner@1f59a598]" started-at="2025-03-14T21:12:06 IST" name="runScenario" description="Runs Cucumber Scenarios" data-provider="scenarios" finished-at="2025-03-14T21:13:07 IST" duration-ms="60500" status="PASS">
          <params>
            <param index="0">
              <value>
                <![CDATA["Check Login using existing valid EmailID and valid Password"]]>
              </value>
            </param>
            <param index="1">
              <value>
                <![CDATA["User Login Page in Amazon"]]>
              </value>
            </param>
          </params>
          <reporter-output>
          </reporter-output>
        </test-method> <!-- runScenario -->
        <test-method signature="runScenario(io.cucumber.testng.PickleWrapper,io.cucumber.testng.FeatureWrapper)[pri:0, instance:cucumberOptions.TestNGRunner@1f59a598]" started-at="2025-03-14T21:13:07 IST" name="runScenario" description="Runs Cucumber Scenarios" data-provider="scenarios" finished-at="2025-03-14T21:14:18 IST" duration-ms="71508" status="PASS">
          <params>
            <param index="0">
              <value>
                <![CDATA["Search and add the product to the cart"]]>
              </value>
            </param>
            <param index="1">
              <value>
                <![CDATA["Search and add the product to the cart"]]>
              </value>
            </param>
          </params>
          <reporter-output>
          </reporter-output>
        </test-method> <!-- runScenario -->
        <test-method is-config="true" signature="tearDownClass()[pri:0, instance:cucumberOptions.TestNGRunner@1f59a598]" started-at="2025-03-14T21:14:18 IST" name="tearDownClass" finished-at="2025-03-14T21:14:20 IST" duration-ms="1398" status="PASS">
          <reporter-output>
          </reporter-output>
        </test-method> <!-- tearDownClass -->
      </class> <!-- cucumberOptions.TestNGRunner -->
    </test> <!-- Default test -->
  </suite> <!-- Default suite -->
</testng-results>
