<?xml version="1.0" encoding="UTF-8"?>
<testng-results ignored="0" total="1" passed="1" failed="0" skipped="0">
  <reporter-output>
  </reporter-output>
  <suite started-at="2025-04-22T19:49:36 IST" name="OrangeHRM Full Suite" finished-at="2025-04-22T19:49:56 IST" duration-ms="20493">
    <groups>
      <group name="cucumber">
        <method signature="AbstractTestNGCucumberTests.runScenario(io.cucumber.testng.PickleWrapper,io.cucumber.testng.FeatureWrapper)[pri:0, instance:runners.SearchEmployeeRunner@45b4c3a9]" name="runScenario" class="io.cucumber.testng.AbstractTestNGCucumberTests"/>
      </group> <!-- cucumber -->
    </groups>
    <test started-at="2025-04-22T19:49:36 IST" name="Search Employee Tests" finished-at="2025-04-22T19:49:56 IST" duration-ms="20493">
      <class name="runners.SearchEmployeeRunner">
        <test-method is-config="true" signature="setUpClass(org.testng.ITestContext)[pri:0, instance:runners.SearchEmployeeRunner@45b4c3a9]" started-at="2025-04-22T19:49:36 IST" name="setUpClass" finished-at="2025-04-22T19:49:37 IST" duration-ms="1361" status="PASS">
          <params>
            <param index="0">
              <value>
                <![CDATA[org.testng.TestRunner@11c713b7]]>
              </value>
            </param>
          </params>
          <reporter-output>
          </reporter-output>
        </test-method> <!-- setUpClass -->
        <test-method signature="runScenario(io.cucumber.testng.PickleWrapper,io.cucumber.testng.FeatureWrapper)[pri:0, instance:runners.SearchEmployeeRunner@45b4c3a9]" started-at="2025-04-22T19:49:37 IST" name="runScenario" description="Runs Cucumber Scenarios" data-provider="scenarios" finished-at="2025-04-22T19:49:56 IST" duration-ms="18630" status="PASS">
          <params>
            <param index="0">
              <value>
                <![CDATA["Search existing employee by name"]]>
              </value>
            </param>
            <param index="1">
              <value>
                <![CDATA["Add New Employee"]]>
              </value>
            </param>
          </params>
          <reporter-output>
          </reporter-output>
        </test-method> <!-- runScenario -->
        <test-method is-config="true" signature="tearDownClass()[pri:0, instance:runners.SearchEmployeeRunner@45b4c3a9]" started-at="2025-04-22T19:49:56 IST" name="tearDownClass" finished-at="2025-04-22T19:49:56 IST" duration-ms="390" status="PASS">
          <reporter-output>
          </reporter-output>
        </test-method> <!-- tearDownClass -->
      </class> <!-- runners.SearchEmployeeRunner -->
    </test> <!-- Search Employee Tests -->
  </suite> <!-- OrangeHRM Full Suite -->
</testng-results>
