<?xml version="1.0" encoding="UTF-8"?>
<!-- Generated by org.testng.reporters.JUnitReportReporter -->
<testsuite hostname="DESKTOP-5195JJC" failures="1" tests="3" name="runners.SanityRunner" time="95.360" errors="1" timestamp="2025-11-16T22:09:12 IST" skipped="0">
  <testcase classname="runners.SanityRunner" name="runScenario" time="37.492">
    <error message="Expected condition failed: waiting for visibility of element located by By.xpath: //div[@class=&#039;oxd-table-cell oxd-padding-cell&#039;]//div[normalize-space()=&#039;Deepak&#039;] (tried for 15 second(s) with 500 milliseconds interval)
Build info: version: &#039;4.19.0&#039;, revision: &#039;5f9cec8963&#039;
System info: os.name: &#039;Windows 11&#039;, os.arch: &#039;amd64&#039;, os.version: &#039;10.0&#039;, java.version: &#039;21.0.5&#039;
Driver info: org.openqa.selenium.edge.EdgeDriver
Capabilities {acceptInsecureCerts: false, browserName: MicrosoftEdge, browserVersion: 142.0.3595.80, fedcm:accounts: true, goog:processID: 14016, ms:edgeOptions: {debuggerAddress: localhost:1184}, msedge: {msedgedriverVersion: 142.0.3595.69 (0f9a54d682af..., userDataDir: C:\Users\DEEPAK~1\AppData\L...}, networkConnectionEnabled: false, pageLoadStrategy: normal, platformName: windows, proxy: Proxy(), se:cdp: ws://localhost:1184/devtool..., se:cdpVersion: 142.0.3595.80, setWindowRect: true, strictFileInteractability: false, timeouts: {implicit: 0, pageLoad: 300000, script: 30000}, unhandledPromptBehavior: dismiss and notify, webauthn:extension:credBlob: true, webauthn:extension:largeBlob: true, webauthn:extension:minPinLength: true, webauthn:extension:prf: true, webauthn:virtualAuthenticators: true}
Session ID: 13bde14c8822d3d0cf03c52181a1edab" type="org.openqa.selenium.TimeoutException">
      <![CDATA[org.openqa.selenium.TimeoutException: Expected condition failed: waiting for visibility of element located by By.xpath: //div[@class='oxd-table-cell oxd-padding-cell']//div[normalize-space()='Deepak'] (tried for 15 second(s) with 500 milliseconds interval)
Build info: version: '4.19.0', revision: '5f9cec8963'
System info: os.name: 'Windows 11', os.arch: 'amd64', os.version: '10.0', java.version: '21.0.5'
Driver info: org.openqa.selenium.edge.EdgeDriver
Capabilities {acceptInsecureCerts: false, browserName: MicrosoftEdge, browserVersion: 142.0.3595.80, fedcm:accounts: true, goog:processID: 14016, ms:edgeOptions: {debuggerAddress: localhost:1184}, msedge: {msedgedriverVersion: 142.0.3595.69 (0f9a54d682af..., userDataDir: C:\Users\DEEPAK~1\AppData\L...}, networkConnectionEnabled: false, pageLoadStrategy: normal, platformName: windows, proxy: Proxy(), se:cdp: ws://localhost:1184/devtool..., se:cdpVersion: 142.0.3595.80, setWindowRect: true, strictFileInteractability: false, timeouts: {implicit: 0, pageLoad: 300000, script: 30000}, unhandledPromptBehavior: dismiss and notify, webauthn:extension:credBlob: true, webauthn:extension:largeBlob: true, webauthn:extension:minPinLength: true, webauthn:extension:prf: true, webauthn:virtualAuthenticators: true}
Session ID: 13bde14c8822d3d0cf03c52181a1edab
at org.openqa.selenium.support.ui.WebDriverWait.timeoutException(WebDriverWait.java:84)
at org.openqa.selenium.support.ui.FluentWait.until(FluentWait.java:228)
at pageObjects.BasePage.getText(BasePage.java:45)
at pageObjects.AddEmployeePIMPageObject.verifySearchedEmployeeByName(AddEmployeePIMPageObject.java:78)
at stepDefinitions.AddEmployeePIMStepDefinition.emp_record_should_be_displayed(AddEmployeePIMStepDefinition.java:85)
at ✽.the employee record should be displayed for "Charles"(file:///F:/PROGRAMMING_LANGUAGE/Learn%20Cucumber%20BDD%20with%20Java%20-MasterClass%20Selenium%20Framework_RahulShetty/Projects/OrangeHRM_CucumberBDD/OrangeHRM_CucumberBDD_ExcelDriven/src/test/resources/features/PIM.feature:32)
]]>
    </error>
  </testcase> <!-- runScenario -->
  <testcase classname="runners.SanityRunner" name="runScenario" time="39.042">
    <failure message="Success message not visible!" type="java.lang.AssertionError">
      <![CDATA[java.lang.AssertionError: Success message not visible!
at pageObjects.AddEmployeePIMPageObject.verifySuccessMessage(AddEmployeePIMPageObject.java:63)
at stepDefinitions.AddEmployeePIMStepDefinition.the_employee_should_be_added_successfully(AddEmployeePIMStepDefinition.java:95)
at ✽.the employee should be added successfully(file:///F:/PROGRAMMING_LANGUAGE/Learn%20Cucumber%20BDD%20with%20Java%20-MasterClass%20Selenium%20Framework_RahulShetty/Projects/OrangeHRM_CucumberBDD/OrangeHRM_CucumberBDD_ExcelDriven/src/test/resources/features/PIM.feature:12)
]]>
    </failure>
  </testcase> <!-- runScenario -->
  <testcase classname="runners.SanityRunner" name="runScenario" time="18.826"/>
</testsuite> <!-- runners.SanityRunner -->
