<?xml version="1.0" encoding="UTF-8"?>
<testng-results ignored="0" total="3" passed="2" failed="1" skipped="0">
  <reporter-output>
  </reporter-output>
  <suite started-at="2025-11-16T19:20:41 IST" name="Suite" finished-at="2025-11-16T19:21:36 IST" duration-ms="55646">
    <groups>
      <group name="cucumber">
        <method signature="AbstractTestNGCucumberTests.runScenario(io.cucumber.testng.PickleWrapper,io.cucumber.testng.FeatureWrapper)[pri:0, instance:runners.SanityRunner@15d49048]" name="runScenario" class="io.cucumber.testng.AbstractTestNGCucumberTests"/>
      </group> <!-- cucumber -->
    </groups>
    <test started-at="2025-11-16T19:20:41 IST" name="Functional Tests" finished-at="2025-11-16T19:21:36 IST" duration-ms="55646">
      <class name="runners.SanityRunner">
        <test-method is-config="true" signature="setUpClass(org.testng.ITestContext)[pri:0, instance:runners.SanityRunner@15d49048]" started-at="2025-11-16T19:20:41 IST" name="setUpClass" finished-at="2025-11-16T19:20:41 IST" duration-ms="491" status="PASS">
          <params>
            <param index="0">
              <value>
                <![CDATA[org.testng.TestRunner@219f4597]]>
              </value>
            </param>
          </params>
          <reporter-output>
          </reporter-output>
        </test-method> <!-- setUpClass -->
        <test-method signature="runScenario(io.cucumber.testng.PickleWrapper,io.cucumber.testng.FeatureWrapper)[pri:0, instance:runners.SanityRunner@15d49048]" started-at="2025-11-16T19:20:41 IST" name="runScenario" description="Runs Cucumber Scenarios" data-provider="scenarios" finished-at="2025-11-16T19:21:14 IST" duration-ms="33176" status="PASS">
          <params>
            <param index="0">
              <value>
                <![CDATA["Check Login with Valid credentials and LogOut"]]>
              </value>
            </param>
            <param index="1">
              <value>
                <![CDATA["To Check Login feature of OrangeHRM website"]]>
              </value>
            </param>
          </params>
          <reporter-output>
          </reporter-output>
        </test-method> <!-- runScenario -->
        <test-method signature="runScenario(io.cucumber.testng.PickleWrapper,io.cucumber.testng.FeatureWrapper)[pri:0, instance:runners.SanityRunner@15d49048]" started-at="2025-11-16T19:20:41 IST" name="runScenario" description="Runs Cucumber Scenarios" data-provider="scenarios" finished-at="2025-11-16T19:21:30 IST" duration-ms="48914" status="FAIL">
          <params>
            <param index="0">
              <value>
                <![CDATA["Add employee with valid details"]]>
              </value>
            </param>
            <param index="1">
              <value>
                <![CDATA["Add New Employee"]]>
              </value>
            </param>
          </params>
          <exception class="java.lang.AssertionError">
            <message>
              <![CDATA[Success message not visible!]]>
            </message>
            <full-stacktrace>
              <![CDATA[java.lang.AssertionError: Success message not visible!
at pageObjects.AddEmployeePIMPageObject.verifySuccessMessage(AddEmployeePIMPageObject.java:63)
at stepDefinitions.AddEmployeePIMStepDefinition.the_employee_should_be_added_successfully(AddEmployeePIMStepDefinition.java:79)
at ✽.the employee should be added successfully(file:///F:/PROGRAMMING_LANGUAGE/Learn_Cucumber_BDD_with_Java_MasterClass_Selenium_Framework_RahulShetty/Projects/OrangeHRM_CucumberBDD/src/test/resources/features/PIM.feature:12)
]]>
            </full-stacktrace>
          </exception> <!-- java.lang.AssertionError -->
          <reporter-output>
          </reporter-output>
        </test-method> <!-- runScenario -->
        <test-method signature="runScenario(io.cucumber.testng.PickleWrapper,io.cucumber.testng.FeatureWrapper)[pri:0, instance:runners.SanityRunner@15d49048]" started-at="2025-11-16T19:21:14 IST" name="runScenario" description="Runs Cucumber Scenarios" data-provider="scenarios" finished-at="2025-11-16T19:21:36 IST" duration-ms="21619" status="PASS">
          <params>
            <param index="0">
              <value>
                <![CDATA["Search existing employee by name"]]>
              </value>
            </param>
            <param index="1">
              <value>
                <![CDATA["Add New Employee"]]>
              </value>
            </param>
          </params>
          <reporter-output>
          </reporter-output>
        </test-method> <!-- runScenario -->
        <test-method is-config="true" signature="tearDownClass()[pri:0, instance:runners.SanityRunner@15d49048]" started-at="2025-11-16T19:21:36 IST" name="tearDownClass" finished-at="2025-11-16T19:21:36 IST" duration-ms="309" status="PASS">
          <reporter-output>
          </reporter-output>
        </test-method> <!-- tearDownClass -->
      </class> <!-- runners.SanityRunner -->
    </test> <!-- Functional Tests -->
  </suite> <!-- Suite -->
</testng-results>
