<?xml version="1.0" encoding="UTF-8"?>
<testng-results ignored="0" total="1" passed="1" failed="0" skipped="0">
  <reporter-output>
  </reporter-output>
  <suite started-at="2025-04-28T21:10:47 IST" name="Default suite" finished-at="2025-04-28T21:12:00 IST" duration-ms="72242">
    <groups>
      <group name="cucumber">
        <method signature="AbstractTestNGCucumberTests.runScenario(io.cucumber.testng.PickleWrapper,io.cucumber.testng.FeatureWrapper)[pri:0, instance:runners.LoginRunner@1f59a598]" name="runScenario" class="io.cucumber.testng.AbstractTestNGCucumberTests"/>
      </group> <!-- cucumber -->
    </groups>
    <test started-at="2025-04-28T21:10:47 IST" name="Default test" finished-at="2025-04-28T21:12:00 IST" duration-ms="72242">
      <class name="runners.LoginRunner">
        <test-method is-config="true" signature="setUpClass(org.testng.ITestContext)[pri:0, instance:runners.LoginRunner@1f59a598]" started-at="2025-04-28T21:10:47 IST" name="setUpClass" finished-at="2025-04-28T21:10:49 IST" duration-ms="1507" status="PASS">
          <params>
            <param index="0">
              <value>
                <![CDATA[org.testng.TestRunner@1039bfc4]]>
              </value>
            </param>
          </params>
          <reporter-output>
          </reporter-output>
        </test-method> <!-- setUpClass -->
        <test-method signature="runScenario(io.cucumber.testng.PickleWrapper,io.cucumber.testng.FeatureWrapper)[pri:0, instance:runners.LoginRunner@1f59a598]" started-at="2025-04-28T21:10:49 IST" name="runScenario" description="Runs Cucumber Scenarios" data-provider="scenarios" finished-at="2025-04-28T21:11:58 IST" duration-ms="68669" status="PASS">
          <params>
            <param index="0">
              <value>
                <![CDATA["Check Login with Valid credentials and LogOut"]]>
              </value>
            </param>
            <param index="1">
              <value>
                <![CDATA["To Check Login feature of OrangeHRM website"]]>
              </value>
            </param>
          </params>
          <reporter-output>
          </reporter-output>
        </test-method> <!-- runScenario -->
        <test-method is-config="true" signature="tearDownClass()[pri:0, instance:runners.LoginRunner@1f59a598]" started-at="2025-04-28T21:11:58 IST" name="tearDownClass" finished-at="2025-04-28T21:12:00 IST" duration-ms="1986" status="PASS">
          <reporter-output>
          </reporter-output>
        </test-method> <!-- tearDownClass -->
      </class> <!-- runners.LoginRunner -->
    </test> <!-- Default test -->
  </suite> <!-- Default suite -->
</testng-results>
